INFO  | 2024-04-17 21:30:59 | [http-nio-8080-exec-1] words.Dictionary (Dictionary.java:28) - This Will Be Printed On Info
WARN  | 2024-04-17 21:30:59 | [http-nio-8080-exec-1] words.Dictionary (Dictionary.java:29) - This Will Be Printed On Warn
ERROR | 2024-04-17 21:30:59 | [http-nio-8080-exec-1] words.Dictionary (Dictionary.java:30) - This Will Be Printed On Error
FATAL | 2024-04-17 21:30:59 | [http-nio-8080-exec-1] words.Dictionary (Dictionary.java:31) - This Will Be Printed On Fatal
INFO  | 2024-04-17 21:30:59 | [http-nio-8080-exec-1] words.Dictionary (Dictionary.java:33) - Appending string: Hello, World.
INFO  | 2024-04-17 21:30:59 | [http-nio-8080-exec-1] words.Dictionary (Dictionary.java:28) - This Will Be Printed On Info
WARN  | 2024-04-17 21:30:59 | [http-nio-8080-exec-1] words.Dictionary (Dictionary.java:29) - This Will Be Printed On Warn
ERROR | 2024-04-17 21:30:59 | [http-nio-8080-exec-1] words.Dictionary (Dictionary.java:30) - This Will Be Printed On Error
FATAL | 2024-04-17 21:30:59 | [http-nio-8080-exec-1] words.Dictionary (Dictionary.java:31) - This Will Be Printed On Fatal
INFO  | 2024-04-17 21:30:59 | [http-nio-8080-exec-1] words.Dictionary (Dictionary.java:33) - Appending string: Hello, World.
INFO  | 2024-04-17 21:33:04 | [Thread-3] words.Dictionary$1 (Dictionary.java:33) - Dictionary has been created
INFO  | 2024-04-17 21:33:04 | [Thread-2] words.Dictionary$1 (Dictionary.java:33) - Dictionary has been created
INFO  | 2024-04-17 21:33:24 | [Thread-5] words.Dictionary$1 (Dictionary.java:33) - Dictionary has been created
INFO  | 2024-04-17 21:33:24 | [Thread-4] words.Dictionary$1 (Dictionary.java:33) - Dictionary has been created
INFO  | 2024-04-17 21:33:24 | [Thread-6] words.Dictionary$1 (Dictionary.java:33) - Dictionary has been created
INFO  | 2024-04-17 21:33:24 | [Thread-7] words.Dictionary$1 (Dictionary.java:33) - Dictionary has been created
INFO  | 2024-04-17 21:33:29 | [Thread-8] words.Dictionary$1 (Dictionary.java:33) - Dictionary has been created
INFO  | 2024-04-17 21:33:29 | [Thread-9] words.Dictionary$1 (Dictionary.java:33) - Dictionary has been created
INFO  | 2024-04-17 21:55:40 | [Thread-2] words.Dictionary$1 (Dictionary.java:33) - Dictionary has been created
INFO  | 2024-04-17 21:55:40 | [Thread-3] words.Dictionary$1 (Dictionary.java:33) - Dictionary has been created
INFO  | 2024-04-17 22:12:41 | [Thread-3] words.Dictionary$1 (Dictionary.java:31) - Dictionary has been created
INFO  | 2024-04-17 22:12:41 | [Thread-2] words.Dictionary$1 (Dictionary.java:31) - Dictionary has been created
INFO  | 2024-04-17 22:29:59 | [Thread-2] words.Dictionary$1 (Dictionary.java:32) - Dictionary has been created
INFO  | 2024-04-17 22:33:15 | [Thread-2] words.Dictionary$1 (Dictionary.java:34) - Dictionary has been created
INFO  | 2024-04-17 22:37:12 | [Thread-2] words.Dictionary$1 (Dictionary.java:34) - Dictionary has been created
INFO  | 2024-04-19 20:19:12 | [Thread-2] words.Dictionary$1 (Dictionary.java:34) - Dictionary has been created
INFO  | 2024-04-19 20:27:08 | [Thread-2] words.Dictionary$1 (Dictionary.java:34) - Dictionary has been created
INFO  | 2024-04-19 20:30:35 | [Thread-2] words.Dictionary$1 (Dictionary.java:34) - Dictionary has been created
INFO  | 2024-04-19 20:31:12 | [Thread-2] words.Dictionary$1 (Dictionary.java:34) - Dictionary has been created
INFO  | 2024-04-19 20:32:53 | [Thread-2] words.Dictionary$1 (Dictionary.java:34) - Dictionary has been created
INFO  | 2024-04-19 20:40:41 | [Thread-2] words.Dictionary$1 (Dictionary.java:34) - Dictionary has been created
INFO  | 2024-04-19 20:42:00 | [Thread-2] words.Dictionary$1 (Dictionary.java:34) - Dictionary has been created
INFO  | 2024-04-19 20:43:06 | [Thread-2] words.Dictionary$1 (Dictionary.java:34) - Dictionary has been created
INFO  | 2024-04-19 20:47:01 | [Thread-2] words.Dictionary$1 (Dictionary.java:34) - Dictionary has been created
INFO  | 2024-04-19 20:47:58 | [Thread-2] words.Dictionary$1 (Dictionary.java:34) - Dictionary has been created
INFO  | 2024-04-19 20:51:43 | [Thread-2] words.Dictionary$1 (Dictionary.java:34) - Dictionary has been created
INFO  | 2024-04-19 20:57:04 | [Thread-2] words.Dictionary$1 (Dictionary.java:34) - Dictionary has been created
INFO  | 2024-04-19 21:00:10 | [Thread-2] words.Dictionary$1 (Dictionary.java:34) - Dictionary has been created
INFO  | 2024-04-19 21:07:02 | [Thread-2] words.Dictionary$1 (Dictionary.java:34) - Dictionary has been created
INFO  | 2024-04-19 21:13:49 | [Thread-2] words.Dictionary$1 (Dictionary.java:34) - Dictionary has been created
INFO  | 2024-04-19 21:16:50 | [Thread-2] words.Dictionary$1 (Dictionary.java:34) - Dictionary has been created
INFO  | 2024-04-19 21:19:15 | [Thread-2] words.Dictionary$1 (Dictionary.java:34) - Dictionary has been created
INFO  | 2024-04-19 21:20:10 | [Thread-2] words.Dictionary$1 (Dictionary.java:34) - Dictionary has been created
INFO  | 2024-04-19 21:22:34 | [Thread-2] words.Dictionary$1 (Dictionary.java:34) - Dictionary has been created
INFO  | 2024-04-19 21:23:41 | [Thread-2] words.Dictionary$1 (Dictionary.java:34) - Dictionary has been created
INFO  | 2024-04-19 21:27:33 | [Thread-2] words.Dictionary$1 (Dictionary.java:34) - Dictionary has been created
INFO  | 2024-04-19 21:28:10 | [Thread-2] words.Dictionary$1 (Dictionary.java:34) - Dictionary has been created
INFO  | 2024-04-19 21:30:55 | [Thread-2] words.Dictionary$1 (Dictionary.java:34) - Dictionary has been created
INFO  | 2024-04-19 21:35:36 | [Thread-2] words.Dictionary$1 (Dictionary.java:34) - Dictionary has been created
INFO  | 2024-04-19 21:41:01 | [Thread-2] words.Dictionary$1 (Dictionary.java:34) - Dictionary has been created
INFO  | 2024-04-19 21:42:12 | [Thread-2] words.Dictionary$1 (Dictionary.java:34) - Dictionary has been created
INFO  | 2024-04-19 21:46:28 | [Thread-2] words.Dictionary$1 (Dictionary.java:34) - Dictionary has been created
INFO  | 2024-04-20 08:15:30 | [Thread-2] words.Dictionary$1 (Dictionary.java:34) - Dictionary has been created
INFO  | 2024-04-20 08:18:19 | [Thread-2] words.Dictionary$1 (Dictionary.java:34) - Dictionary has been created
INFO  | 2024-04-20 08:19:16 | [Thread-2] words.Dictionary$1 (Dictionary.java:34) - Dictionary has been created
INFO  | 2024-04-20 08:27:34 | [Thread-2] words.Dictionary$1 (Dictionary.java:34) - Dictionary has been created
INFO  | 2024-04-20 09:55:55 | [Thread-2] words.Dictionary$1 (Dictionary.java:34) - Dictionary has been created
INFO  | 2024-04-20 11:44:16 | [Thread-2] words.Dictionary$1 (Dictionary.java:34) - Dictionary has been created
INFO  | 2024-04-20 11:48:31 | [http-nio-8080-exec-1] words.User (User.java:14) - New user has been created
INFO  | 2024-04-20 11:48:32 | [Thread-2] words.Dictionary$1 (Dictionary.java:34) - Dictionary has been created
INFO  | 2024-04-20 11:52:27 | [http-nio-8080-exec-1] words.User (User.java:14) - New user has been created
INFO  | 2024-04-20 11:52:27 | [http-nio-8080-exec-1] words.Session (Session.java:29) - New session has been created
INFO  | 2024-04-20 11:52:27 | [Thread-2] words.Dictionary$1 (Dictionary.java:34) - Dictionary has been created
INFO  | 2024-04-20 11:56:48 | [http-nio-8080-exec-1] words.User (User.java:14) - New user has been created
INFO  | 2024-04-20 11:56:48 | [http-nio-8080-exec-1] words.Session (Session.java:29) - New session has been created
INFO  | 2024-04-20 11:56:48 | [Thread-2] words.Dictionary$1 (Dictionary.java:34) - Dictionary has been created
INFO  | 2024-04-20 12:01:30 | [http-nio-8080-exec-1] words.User (User.java:14) - New user has been created
INFO  | 2024-04-20 12:01:30 | [http-nio-8080-exec-1] words.Session (Session.java:29) - New session has been created
INFO  | 2024-04-20 12:01:31 | [Thread-2] words.Dictionary$1 (Dictionary.java:34) - Dictionary has been created
INFO  | 2024-04-20 12:04:21 | [http-nio-8080-exec-1] words.User (User.java:14) - New user has been created
INFO  | 2024-04-20 12:04:21 | [http-nio-8080-exec-1] words.Session (Session.java:29) - New session has been created
INFO  | 2024-04-20 12:04:22 | [Thread-2] words.Dictionary$1 (Dictionary.java:34) - Dictionary has been created
INFO  | 2024-04-20 12:05:04 | [http-nio-8080-exec-1] words.User (User.java:14) - New user has been created
INFO  | 2024-04-20 12:05:04 | [http-nio-8080-exec-1] words.Session (Session.java:29) - New session has been created
INFO  | 2024-04-20 12:05:05 | [Thread-2] words.Dictionary$1 (Dictionary.java:34) - Dictionary has been created
INFO  | 2024-04-20 12:05:52 | [http-nio-8080-exec-1] words.User (User.java:14) - New user has been created
INFO  | 2024-04-20 12:05:52 | [http-nio-8080-exec-1] words.Session (Session.java:29) - New session has been created
INFO  | 2024-04-20 12:05:53 | [Thread-2] words.Dictionary$1 (Dictionary.java:34) - Dictionary has been created
INFO  | 2024-04-20 12:07:49 | [http-nio-8080-exec-1] words.User (User.java:14) - New user has been created
INFO  | 2024-04-20 12:07:49 | [http-nio-8080-exec-1] words.Session (Session.java:29) - New session has been created
INFO  | 2024-04-20 12:07:50 | [Thread-2] words.Dictionary$1 (Dictionary.java:34) - Dictionary has been created
INFO  | 2024-04-20 12:22:47 | [http-nio-8080-exec-1] words.User (User.java:14) - New user has been created
INFO  | 2024-04-20 12:22:47 | [http-nio-8080-exec-1] words.Session (Session.java:29) - New session has been created
INFO  | 2024-04-20 12:22:47 | [Thread-2] words.Dictionary$1 (Dictionary.java:34) - Dictionary has been created
INFO  | 2024-04-20 12:43:13 | [http-nio-8080-exec-1] words.User (User.java:14) - New user has been created
INFO  | 2024-04-20 12:43:13 | [http-nio-8080-exec-1] words.Session (Session.java:29) - New session has been created
INFO  | 2024-04-20 12:43:14 | [Thread-2] words.Dictionary$1 (Dictionary.java:36) - Dictionary has been created
INFO  | 2024-04-20 12:46:51 | [http-nio-8080-exec-1] words.User (User.java:14) - New user has been created
INFO  | 2024-04-20 12:46:51 | [http-nio-8080-exec-1] words.Session (Session.java:29) - New session has been created
INFO  | 2024-04-20 12:46:51 | [Thread-2] words.Dictionary$1 (Dictionary.java:36) - Dictionary has been created
INFO  | 2024-04-20 12:58:46 | [http-nio-8080-exec-1] words.User (User.java:14) - New user has been created
INFO  | 2024-04-20 12:58:46 | [http-nio-8080-exec-1] words.Session (Session.java:29) - New session has been created
INFO  | 2024-04-20 12:58:46 | [Thread-2] words.Dictionary$1 (Dictionary.java:38) - Dictionary has been created
INFO  | 2024-04-20 12:59:15 | [http-nio-8080-exec-1] words.User (User.java:14) - New user has been created
INFO  | 2024-04-20 12:59:15 | [http-nio-8080-exec-1] words.Session (Session.java:29) - New session has been created
INFO  | 2024-04-20 12:59:15 | [Thread-2] words.Dictionary$1 (Dictionary.java:38) - Dictionary has been created
INFO  | 2024-04-20 13:01:42 | [http-nio-8080-exec-1] words.User (User.java:14) - New user has been created
INFO  | 2024-04-20 13:01:42 | [http-nio-8080-exec-1] words.Session (Session.java:29) - New session has been created
INFO  | 2024-04-20 13:01:42 | [Thread-2] words.Dictionary$1 (Dictionary.java:37) - Dictionary has been created
INFO  | 2024-04-20 13:02:13 | [http-nio-8080-exec-1] words.User (User.java:14) - New user has been created
INFO  | 2024-04-20 13:02:13 | [http-nio-8080-exec-1] words.Session (Session.java:29) - New session has been created
INFO  | 2024-04-20 13:02:13 | [Thread-2] words.Dictionary$1 (Dictionary.java:37) - Dictionary has been created
INFO  | 2024-04-20 13:19:02 | [http-nio-8080-exec-1] words.User (User.java:14) - New user has been created
INFO  | 2024-04-20 13:19:03 | [http-nio-8080-exec-1] words.Session (Session.java:29) - New session has been created
INFO  | 2024-04-20 13:19:03 | [Thread-2] words.Dictionary$1 (Dictionary.java:34) - Dictionary has been created
INFO  | 2024-04-20 13:19:03 | [Thread-3] words.Dictionary$2 (Dictionary.java:49) - Dictionary has been created
INFO  | 2024-04-20 13:21:21 | [http-nio-8080-exec-1] words.User (User.java:14) - New user has been created
INFO  | 2024-04-20 13:21:21 | [http-nio-8080-exec-1] words.Session (Session.java:29) - New session has been created
INFO  | 2024-04-20 13:21:21 | [Thread-3] words.Dictionary$2 (Dictionary.java:49) - Dictionary translations has been created
INFO  | 2024-04-20 13:21:21 | [Thread-2] words.Dictionary$1 (Dictionary.java:34) - Dictionary words has been created
INFO  | 2024-04-20 13:23:01 | [http-nio-8080-exec-1] words.User (User.java:14) - New user has been created
INFO  | 2024-04-20 13:23:01 | [http-nio-8080-exec-1] words.Session (Session.java:29) - New session has been created
INFO  | 2024-04-20 13:23:01 | [Thread-3] words.Dictionary$2 (Dictionary.java:49) - Dictionary translations has been created
INFO  | 2024-04-20 13:23:01 | [Thread-2] words.Dictionary$1 (Dictionary.java:34) - Dictionary words has been created
INFO  | 2024-04-20 13:27:50 | [http-nio-8080-exec-1] words.User (User.java:14) - New user has been created
INFO  | 2024-04-20 13:27:50 | [http-nio-8080-exec-1] words.Session (Session.java:29) - New session has been created
INFO  | 2024-04-20 13:27:51 | [Thread-3] words.Dictionary$1 (Dictionary.java:34) - Dictionary words has been created
INFO  | 2024-04-20 13:27:51 | [Thread-2] words.Dictionary$2 (Dictionary.java:49) - Dictionary translations has been created
INFO  | 2024-04-20 13:54:28 | [http-nio-8080-exec-1] words.User (User.java:14) - New user has been created
INFO  | 2024-04-20 13:54:28 | [http-nio-8080-exec-1] words.Session (Session.java:29) - New session has been created
INFO  | 2024-04-20 13:54:28 | [Thread-2] words.Dictionary$1 (Dictionary.java:34) - Dictionary words has been created
INFO  | 2024-04-20 13:54:28 | [Thread-3] words.Dictionary$2 (Dictionary.java:51) - Dictionary translations has been created
INFO  | 2024-04-20 14:32:35 | [http-nio-8080-exec-1] words.User (User.java:14) - New user has been created
INFO  | 2024-04-20 14:32:35 | [http-nio-8080-exec-1] words.Session (Session.java:29) - New session has been created
INFO  | 2024-04-20 14:32:36 | [Thread-2] words.Dictionary$1 (Dictionary.java:38) - Dictionary has been created
INFO  | 2024-04-20 14:32:59 | [http-nio-8080-exec-1] words.User (User.java:14) - New user has been created
INFO  | 2024-04-20 14:32:59 | [http-nio-8080-exec-1] words.Session (Session.java:29) - New session has been created
INFO  | 2024-04-20 14:32:59 | [Thread-2] words.Dictionary$1 (Dictionary.java:38) - Dictionary has been created
INFO  | 2024-04-20 14:34:27 | [http-nio-8080-exec-1] words.User (User.java:14) - New user has been created
INFO  | 2024-04-20 14:34:27 | [http-nio-8080-exec-1] words.Session (Session.java:29) - New session has been created
INFO  | 2024-04-20 14:34:27 | [Thread-2] words.Dictionary$1 (Dictionary.java:38) - Dictionary has been created
INFO  | 2024-04-20 14:35:21 | [http-nio-8080-exec-1] words.User (User.java:14) - New user has been created
INFO  | 2024-04-20 14:35:21 | [http-nio-8080-exec-1] words.Session (Session.java:29) - New session has been created
INFO  | 2024-04-20 14:35:21 | [Thread-2] words.Dictionary$1 (Dictionary.java:38) - Dictionary has been created
INFO  | 2024-04-20 14:37:35 | [http-nio-8080-exec-1] words.User (User.java:14) - New user has been created
INFO  | 2024-04-20 14:37:35 | [http-nio-8080-exec-1] words.Session (Session.java:29) - New session has been created
INFO  | 2024-04-20 14:37:36 | [Thread-2] words.Dictionary$1 (Dictionary.java:39) - Dictionary has been created
